<?xml version="1.0" encoding="UTF-8"?>
<testng-results ignored="0" total="1" passed="1" failed="0" skipped="0">
  <reporter-output>
  </reporter-output>
  <suite started-at="2022-07-23T22:13:45 YEKT" name="All Test Suite" finished-at="2022-07-23T22:14:31 YEKT" duration-ms="45842">
    <groups>
    </groups>
    <test started-at="2022-07-23T22:13:45 YEKT" name="IdeaProjects\Selenium_Maven_TestNG_Allure" finished-at="2022-07-23T22:14:31 YEKT" duration-ms="45842">
      <class name="YandexTest">
        <test-method is-config="true" signature="setup()[pri:0, instance:YandexTest@5eeedb60]" started-at="2022-07-23T22:13:46 YEKT" name="setup" finished-at="2022-07-23T22:14:03 YEKT" duration-ms="17611" status="PASS">
          <reporter-output>
          </reporter-output>
        </test-method> <!-- setup -->
        <test-method signature="yandexmark()[pri:0, instance:YandexTest@5eeedb60]" started-at="2022-07-23T22:14:03 YEKT" name="yandexmark" finished-at="2022-07-23T22:14:31 YEKT" duration-ms="27466" status="PASS">
          <reporter-output>
          </reporter-output>
        </test-method> <!-- yandexmark -->
        <test-method is-config="true" signature="down()[pri:0, instance:YandexTest@5eeedb60]" started-at="2022-07-23T22:14:31 YEKT" name="down" finished-at="2022-07-23T22:14:31 YEKT" duration-ms="416" status="PASS">
          <reporter-output>
          </reporter-output>
        </test-method> <!-- down -->
      </class> <!-- YandexTest -->
    </test> <!-- IdeaProjects\Selenium_Maven_TestNG_Allure -->
  </suite> <!-- All Test Suite -->
</testng-results>
